2026-04-07 22:26:19 | INFO | ui.app | Starting ASB ERP
2026-04-07 22:26:19 | INFO | database.migrations | Ensuring database schema exists.
2026-04-07 22:35:03 | INFO | ui.app | Starting ASB ERP
2026-04-07 22:35:03 | INFO | database.migrations | Ensuring database schema exists.
2026-04-07 22:49:15 | INFO | ui.app | Starting ASB ERP
2026-04-07 22:49:15 | INFO | database.migrations | Ensuring database schema exists.
2026-04-07 22:51:21 | INFO | ui.app | Starting ASB ERP
2026-04-07 22:51:21 | INFO | database.migrations | Ensuring database schema exists.
2026-04-07 23:00:11 | INFO | ui.app | Starting ASB ERP
2026-04-07 23:00:11 | INFO | database.migrations | Ensuring database schema exists.
2026-04-07 23:04:17 | INFO | ui.app | Starting ASB ERP
2026-04-07 23:04:17 | INFO | database.migrations | Ensuring database schema exists.
2026-04-08 11:38:37 | INFO | ui.app | Starting ASB ERP
2026-04-08 11:38:43 | INFO | database.migrations | Ensuring database schema exists.
2026-04-08 11:39:10 | INFO | ui.app | Starting ASB ERP
2026-04-08 11:39:14 | INFO | database.migrations | Ensuring database schema exists.
2026-04-08 11:43:19 | INFO | ui.app | Starting ASB ERP
2026-04-08 11:43:23 | INFO | database.migrations | Ensuring database schema exists.
2026-04-08 11:45:58 | INFO | ui.app | Starting ASB ERP
2026-04-08 11:46:35 | INFO | ui.app | Starting ASB ERP
2026-04-08 11:46:35 | INFO | ui.app | Starting ASB ERP
2026-04-08 11:53:17 | INFO | database.migrations | Ensuring database schema exists.
2026-04-08 11:55:31 | INFO | ui.app | Starting ASB ERP
2026-04-08 11:55:37 | INFO | database.migrations | Ensuring database schema exists.
2026-04-08 11:59:18 | INFO | ui.app | Starting ASB ERP
2026-04-08 11:59:20 | INFO | database.migrations | Ensuring database schema exists.
2026-04-08 12:06:57 | INFO | services.customers_service | Created customer id=1 name=Zubair
2026-04-08 12:08:19 | INFO | services.products_service | Created product id=1 name=Heating & cooling system
2026-04-08 12:08:48 | INFO | services.invoices_service | Created invoice id=1 invoice_no=INV-2026-0001 items=1
2026-04-08 12:09:11 | ERROR | ui.pages.invoice_page | PDF generation failed
Traceback (most recent call last):
  File "/home/dev-hekmat/Documents/My-project/Zubair/ui/pages/invoice_page.py", line 366, in _on_print_pdf
    generate_invoice_pdf(
    ~~~~~~~~~~~~~~~~~~~~^
        invoice=inv,
        ^^^^^^^^^^^^
    ...<2 lines>...
        app_root=app_root(),
        ^^^^^^^^^^^^^^^^^^^^
    )
    ^
  File "/home/dev-hekmat/Documents/My-project/Zubair/reports/invoice_pdf.py", line 104, in generate_invoice_pdf
    canvas.drawRightString(col_x[i + 1] - 2, header_y, h)
                           ~~~~~^^^^^^^
IndexError: list index out of range
2026-04-08 12:09:30 | ERROR | ui.pages.invoice_page | PDF generation failed
Traceback (most recent call last):
  File "/home/dev-hekmat/Documents/My-project/Zubair/ui/pages/invoice_page.py", line 366, in _on_print_pdf
    generate_invoice_pdf(
    ~~~~~~~~~~~~~~~~~~~~^
        invoice=inv,
        ^^^^^^^^^^^^
    ...<2 lines>...
        app_root=app_root(),
        ^^^^^^^^^^^^^^^^^^^^
    )
    ^
  File "/home/dev-hekmat/Documents/My-project/Zubair/reports/invoice_pdf.py", line 104, in generate_invoice_pdf
    canvas.drawRightString(col_x[i + 1] - 2, header_y, h)
                           ~~~~~^^^^^^^
IndexError: list index out of range
2026-04-08 12:11:09 | ERROR | ui.pages.invoice_page | PDF generation failed
Traceback (most recent call last):
  File "/home/dev-hekmat/Documents/My-project/Zubair/ui/pages/invoice_page.py", line 366, in _on_print_pdf
    generate_invoice_pdf(
    ~~~~~~~~~~~~~~~~~~~~^
        invoice=inv,
        ^^^^^^^^^^^^
    ...<2 lines>...
        app_root=app_root(),
        ^^^^^^^^^^^^^^^^^^^^
    )
    ^
  File "/home/dev-hekmat/Documents/My-project/Zubair/reports/invoice_pdf.py", line 104, in generate_invoice_pdf
    canvas.drawRightString((width - margin_x) - 2, header_y, h)
                           ^^^^^^^^^^^^
IndexError: list index out of range
2026-04-08 12:13:10 | ERROR | ui.pages.invoice_page | PDF generation failed
Traceback (most recent call last):
  File "/home/dev-hekmat/Documents/My-project/Zubair/ui/pages/invoice_page.py", line 366, in _on_print_pdf
    logger.exception("PDF generation failed")
    ...<4 lines>...
    
  File "/home/dev-hekmat/Documents/My-project/Zubair/reports/invoice_pdf.py", line 104, in generate_invoice_pdf
    canvas.drawRightString((width - margin_x) - 2, header_y, h)
                           ^^^^^^^^^^^^
IndexError: list index out of range
2026-04-08 12:21:18 | INFO | ui.app | Starting ASB ERP
2026-04-08 12:21:29 | INFO | database.migrations | Ensuring database schema exists.
2026-04-08 12:22:47 | INFO | ui.app | Starting ASB ERP
2026-04-08 12:22:49 | INFO | database.migrations | Ensuring database schema exists.
2026-04-08 12:23:17 | INFO | services.customers_service | Deleted customer id=1
2026-04-08 12:27:35 | INFO | services.customers_service | Created customer id=1 name=mahmod
2026-04-08 12:27:49 | INFO | services.invoices_service | Created invoice id=2 invoice_no=INV-2026-0002 items=1
2026-04-08 12:27:56 | INFO | services.print_service | Invoice PDF generated invoice_id=2 path=/home/dev-hekmat/Documents/My-project/Zubair/2.pdf
2026-04-08 12:40:13 | INFO | ui.app | Starting ASB ERP
2026-04-08 12:40:14 | INFO | database.migrations | Ensuring database schema exists.
2026-04-08 12:45:47 | INFO | ui.app | Starting ASB ERP
2026-04-08 12:45:49 | INFO | database.migrations | Ensuring database schema exists.
2026-04-08 12:56:04 | INFO | ui.app | Starting ASB ERP
2026-04-08 12:56:06 | INFO | database.migrations | Ensuring database schema exists.
2026-04-08 13:00:13 | INFO | ui.app | Starting ASB ERP
2026-04-08 13:00:56 | INFO | database.migrations | Ensuring database schema exists.
2026-04-08 13:03:56 | INFO | ui.app | Starting ASB ERP
2026-04-08 13:03:58 | INFO | database.migrations | Ensuring database schema exists.
2026-04-08 13:07:12 | INFO | ui.app | Starting ASB ERP
2026-04-08 13:07:14 | INFO | database.migrations | Ensuring database schema exists.
2026-04-08 13:12:47 | INFO | ui.app | Starting ASB ERP
2026-04-08 13:12:49 | INFO | database.migrations | Ensuring database schema exists.
2026-04-08 13:18:46 | INFO | ui.app | Starting ASB ERP
2026-04-08 13:18:48 | INFO | database.migrations | Ensuring database schema exists.
2026-04-08 13:26:45 | INFO | ui.app | Starting ASB ERP
2026-04-08 13:26:46 | INFO | database.migrations | Ensuring database schema exists.
2026-04-08 13:26:46 | INFO | database.migrations | Applying migration: products.image_path
2026-04-08 13:27:56 | INFO | services.products_service | Created product id=1 name=Radiator
2026-04-08 13:29:16 | INFO | services.customers_service | Created customer id=1 name=Hekmat
2026-04-08 13:32:34 | INFO | ui.app | Starting ASB ERP
2026-04-08 13:32:36 | INFO | database.migrations | Ensuring database schema exists.
2026-04-08 13:36:48 | INFO | ui.app | Starting ASB ERP
2026-04-08 13:36:50 | INFO | database.migrations | Ensuring database schema exists.
2026-04-08 14:08:37 | INFO | ui.app | Starting ASB ERP
2026-04-08 14:08:45 | INFO | database.migrations | Ensuring database schema exists.
2026-04-08 14:22:16 | INFO | ui.app | Starting ASB ERP
2026-04-08 14:22:18 | INFO | database.migrations | Ensuring database schema exists.
2026-04-08 14:22:51 | INFO | services.invoices_service | Created invoice id=1 invoice_no=INV-2026-0001 items=1
2026-04-08 14:22:59 | INFO | services.print_service | Invoice PDF generated invoice_id=1 path=/home/dev-hekmat/Documents/My-project/Zubair/1.pdf
2026-04-08 14:23:30 | INFO | ui.app | Starting ASB ERP
2026-04-08 14:23:32 | INFO | database.migrations | Ensuring database schema exists.
2026-04-08 14:23:45 | INFO | services.invoices_service | Created invoice id=3 invoice_no=INV-2026-0003 items=1
2026-04-08 14:23:52 | INFO | services.print_service | Invoice PDF generated invoice_id=3 path=/home/dev-hekmat/Documents/My-project/Zubair/3.pdf
2026-04-08 14:27:35 | INFO | ui.app | Starting ASB ERP
2026-04-08 14:27:39 | INFO | database.migrations | Ensuring database schema exists.
2026-04-08 14:29:08 | INFO | ui.app | Starting ASB ERP
2026-04-08 14:29:09 | INFO | database.migrations | Ensuring database schema exists.
2026-04-08 14:29:14 | INFO | database.migrations | Ensuring database schema exists.
2026-04-08 14:29:17 | INFO | database.migrations | Ensuring database schema exists.
